2023-08-14 11:53:40.512 [info] [Info  - 11:53:40] (19696) Pylance language server 2023.8.20 (pyright fcee52c7) starting
2023-08-14 11:53:40.512 [info] [Info  - 11:53:40] (19696) Server root directory: /home/alex/.vscode/extensions/ms-python.vscode-pylance-2023.8.20/dist
2023-08-14 11:53:40.512 [info] [Info  - 11:53:40] (19696) Starting service instance "FlowNet_PET"
2023-08-14 11:53:40.578 [info] [Info  - 11:53:40] (19696) Setting pythonPath for service "FlowNet_PET": "/bin/python3"
2023-08-14 11:53:40.582 [info] [Warn  - 11:53:40] (19696) stubPath /home/alex/Development/master/FlowNet_PET/typings is not a valid directory.
2023-08-14 11:53:40.606 [info] [Info  - 11:53:40] (19696) Assuming Python version 3.11
2023-08-14 11:53:40.671 [info] [Info  - 11:53:40] (19696) Found 10 source files
2023-08-14 11:53:40.961 [info] [Info  - 11:53:40] (19696) Background analysis(1) root directory: /home/alex/.vscode/extensions/ms-python.vscode-pylance-2023.8.20/dist
2023-08-14 11:53:40.964 [info] [Info  - 11:53:40] (19696) Background analysis(1) started
2023-08-14 11:53:41.123 [info] [Info  - 11:53:41] (19696) Indexer background runner(2) root directory: /home/alex/.vscode/extensions/ms-python.vscode-pylance-2023.8.20/dist (index)
2023-08-14 11:53:41.123 [info] [Info  - 11:53:41] (19696) Indexing(2) started
2023-08-14 11:53:41.491 [info] [Info  - 11:53:41] (19696) scanned(2) 73 files over 1 exec env
2023-08-14 11:53:41.555 [info] [Info  - 11:53:41] (19696) indexed(2) 44 files over 1 exec env
2023-08-14 11:53:41.560 [info] [Info  - 11:53:41] (19696) Indexing finished(2).
2023-08-14 12:41:47.372 [info] [Info  - 12:41:47] (29046) Pylance language server 2023.8.20 (pyright fcee52c7) starting
2023-08-14 12:41:47.372 [info] [Info  - 12:41:47] (29046) Server root directory: /home/alex/.vscode/extensions/ms-python.vscode-pylance-2023.8.20/dist
2023-08-14 12:41:47.377 [info] [Info  - 12:41:47] (29046) Starting service instance "FlowNet_PET"
2023-08-14 12:41:47.410 [info] [Info  - 12:41:47] (29046) Setting pythonPath for service "FlowNet_PET": "/bin/python3"
2023-08-14 12:41:47.411 [info] [Warn  - 12:41:47] (29046) stubPath /home/alex/Development/master/FlowNet_PET/typings is not a valid directory.
2023-08-14 12:41:47.432 [info] [Info  - 12:41:47] (29046) Assuming Python version 3.11
2023-08-14 12:41:47.491 [info] [Info  - 12:41:47] (29046) Found 10 source files
2023-08-14 12:41:47.784 [info] [Info  - 12:41:47] (29046) Background analysis(1) root directory: /home/alex/.vscode/extensions/ms-python.vscode-pylance-2023.8.20/dist
2023-08-14 12:41:47.787 [info] [Info  - 12:41:47] (29046) Background analysis(1) started
2023-08-14 12:41:47.933 [info] [Info  - 12:41:47] (29046) Indexer background runner(2) root directory: /home/alex/.vscode/extensions/ms-python.vscode-pylance-2023.8.20/dist (index)
2023-08-14 12:41:47.933 [info] [Info  - 12:41:47] (29046) Indexing(2) started
2023-08-14 12:41:48.290 [info] [Info  - 12:41:48] (29046) scanned(2) 73 files over 1 exec env
2023-08-14 12:41:48.360 [info] [Info  - 12:41:48] (29046) indexed(2) 44 files over 1 exec env
2023-08-14 12:41:48.365 [info] [Info  - 12:41:48] (29046) Indexing finished(2).
2023-08-14 13:28:28.489 [info] [Info  - 13:28:28] (29046) Found 9 source files
2023-08-14 13:31:21.032 [info] [Info  - 13:31:21] (29046) Found 10 source files
