2023-08-14 10:20:45.742 [info] Reading sessions from keychain...
2023-08-14 10:20:45.742 [info] Getting sessions for all scopes...
2023-08-14 10:20:45.742 [info] Got stored sessions!
2023-08-14 10:20:45.742 [info] Got 1 verified sessions.
2023-08-14 10:20:45.742 [info] Got 1 sessions for ...
2023-08-14 10:20:45.742 [info] Getting sessions for user:email...
2023-08-14 10:20:45.742 [info] Got 1 sessions for user:email...
2023-08-14 10:20:45.742 [info] Getting sessions for all scopes...
2023-08-14 10:20:45.742 [info] Got 1 sessions for ...
2023-08-14 10:20:45.889 [info] Getting sessions for all scopes...
2023-08-14 10:20:45.889 [info] Got 1 sessions for ...
2023-08-14 10:20:46.425 [info] Getting sessions for read:user...
2023-08-14 10:20:46.425 [info] Got 0 sessions for read:user...
2023-08-14 10:20:46.486 [info] Getting sessions for user:email...
2023-08-14 10:20:46.486 [info] Got 1 sessions for user:email...
2023-08-14 10:45:46.929 [info] Getting sessions for read:user...
2023-08-14 10:45:46.929 [info] Got 0 sessions for read:user...
2023-08-14 10:45:46.930 [info] Getting sessions for user:email...
2023-08-14 10:45:46.930 [info] Got 1 sessions for user:email...
2023-08-14 11:10:47.256 [info] Getting sessions for read:user...
2023-08-14 11:10:47.256 [info] Got 0 sessions for read:user...
2023-08-14 11:10:47.257 [info] Getting sessions for user:email...
2023-08-14 11:10:47.257 [info] Got 1 sessions for user:email...
2023-08-14 11:35:47.618 [info] Getting sessions for read:user...
2023-08-14 11:35:47.619 [info] Got 0 sessions for read:user...
2023-08-14 11:35:47.620 [info] Getting sessions for user:email...
2023-08-14 11:35:47.620 [info] Got 1 sessions for user:email...
