2023-08-14 12:04:35.804 [info] Log level: Info
2023-08-14 12:04:35.804 [info] Validating found git in: "git"
2023-08-14 12:04:35.804 [info] Using git "2.41.0" from "git"
2023-08-14 12:04:35.804 [info] > git rev-parse --show-toplevel [2ms]
2023-08-14 12:04:35.804 [info] > git rev-parse --git-dir --git-common-dir [5ms]
2023-08-14 12:04:35.804 [info] Open repository: /run/media/alex/Shared/Development/websites/USS-Vision-Checklist
2023-08-14 12:04:35.804 [info] > git rev-parse --show-toplevel [8ms]
2023-08-14 12:04:35.804 [info] > git rev-parse --show-toplevel [5ms]
2023-08-14 12:04:35.804 [info] > git config --get commit.template [11ms]
2023-08-14 12:04:35.804 [info] > git for-each-ref --format=%(refname)%00%(upstream:short)%00%(objectname)%00%(upstream:track)%00%(upstream:remotename)%00%(upstream:remoteref) refs/heads/checklist_design refs/remotes/checklist_design [2ms]
2023-08-14 12:04:35.832 [info] > git status -z -uall [21ms]
2023-08-14 12:04:36.333 [info] > git config --get commit.template [456ms]
2023-08-14 12:04:36.334 [info] > git check-ignore -v -z --stdin [2ms]
2023-08-14 12:04:36.374 [info] > git for-each-ref --format=%(refname)%00%(upstream:short)%00%(objectname)%00%(upstream:track)%00%(upstream:remotename)%00%(upstream:remoteref) refs/heads/checklist_design refs/remotes/checklist_design [15ms]
2023-08-14 12:04:36.384 [info] > git status -z -uall [2ms]
2023-08-14 12:05:00.159 [info] > git config --get commit.template [9ms]
2023-08-14 12:05:00.160 [info] > git for-each-ref --format=%(refname)%00%(upstream:short)%00%(objectname)%00%(upstream:track)%00%(upstream:remotename)%00%(upstream:remoteref) refs/heads/checklist_design refs/remotes/checklist_design [1ms]
2023-08-14 12:05:00.169 [info] > git status -z -uall [2ms]
2023-08-14 12:05:20.873 [info] > git config --get commit.template [10ms]
2023-08-14 12:05:20.874 [info] > git for-each-ref --format=%(refname)%00%(upstream:short)%00%(objectname)%00%(upstream:track)%00%(upstream:remotename)%00%(upstream:remoteref) refs/heads/checklist_design refs/remotes/checklist_design [2ms]
2023-08-14 12:05:20.884 [info] > git status -z -uall [2ms]
2023-08-14 12:05:36.530 [info] > git check-ignore -v -z --stdin [2ms]
2023-08-14 12:05:58.640 [info] > git for-each-ref --format=%(refname)%00%(upstream:short)%00%(objectname)%00%(upstream:track)%00%(upstream:remotename)%00%(upstream:remoteref) refs/heads/checklist_design refs/remotes/checklist_design [2ms]
2023-08-14 12:05:58.672 [info] > git status -z -uall [20ms]
2023-08-14 12:06:02.841 [info] > git check-ignore -v -z --stdin [1ms]
2023-08-14 12:06:03.691 [info] > git for-each-ref --format=%(refname)%00%(upstream:short)%00%(objectname)%00%(upstream:track)%00%(upstream:remotename)%00%(upstream:remoteref) refs/heads/checklist_design refs/remotes/checklist_design [2ms]
2023-08-14 12:06:03.728 [info] > git status -z -uall [26ms]
2023-08-14 12:06:03.731 [info] > git check-ignore -v -z --stdin [4ms]
2023-08-14 12:06:04.386 [info] > git check-ignore -v -z --stdin [1ms]
2023-08-14 12:07:13.656 [info] > git config --get commit.template [11ms]
2023-08-14 12:07:13.657 [info] > git for-each-ref --format=%(refname)%00%(upstream:short)%00%(objectname)%00%(upstream:track)%00%(upstream:remotename)%00%(upstream:remoteref) refs/heads/checklist_design refs/remotes/checklist_design [2ms]
2023-08-14 12:07:13.671 [info] > git status -z -uall [4ms]
2023-08-14 12:07:13.994 [info] > git show --textconv :checklist-website/assets/css/checklist.css [13ms]
2023-08-14 12:07:13.995 [info] > git ls-files --stage -- /run/media/alex/Shared/Development/websites/USS-Vision-Checklist/checklist-website/assets/css/checklist.css [2ms]
2023-08-14 12:07:14.007 [info] > git cat-file -s 1b790fb829a8dad26d3f2c70622a39a37e0c6b20 [2ms]
2023-08-14 12:08:28.953 [info] > git for-each-ref --format=%(refname)%00%(upstream:short)%00%(objectname)%00%(upstream:track)%00%(upstream:remotename)%00%(upstream:remoteref) refs/heads/checklist_design refs/remotes/checklist_design [1ms]
2023-08-14 12:08:28.989 [info] > git status -z -uall [28ms]
2023-08-14 12:08:28.993 [info] > git ls-files --stage -- /run/media/alex/Shared/Development/websites/USS-Vision-Checklist/checklist-website/assets/css/checklist.css [3ms]
2023-08-14 12:08:29.002 [info] > git cat-file -s 724a9bdc5d158c41cbe2db146d14f659f51d0867 [1ms]
2023-08-14 12:08:29.018 [info] > git show --textconv :checklist-website/assets/css/checklist.css [1ms]
2023-08-14 12:09:16.397 [info] > git show --textconv :checklist-website/assets/css/style.css [13ms]
2023-08-14 12:09:16.398 [info] > git ls-files --stage -- /run/media/alex/Shared/Development/websites/USS-Vision-Checklist/checklist-website/assets/css/style.css [1ms]
2023-08-14 12:09:16.408 [info] > git cat-file -s 8d39f77e8f6d706b9b41ddfcbae30559fad1d35f [1ms]
2023-08-14 12:09:19.654 [info] > git show --textconv :checklist-website/index.html [12ms]
2023-08-14 12:09:19.655 [info] > git ls-files --stage -- /run/media/alex/Shared/Development/websites/USS-Vision-Checklist/checklist-website/index.html [1ms]
2023-08-14 12:09:19.667 [info] > git cat-file -s db960b3f889f71a2abeec001912f3e9178e85fbc [2ms]
2023-08-14 12:09:33.985 [info] > git check-ignore -v -z --stdin [1ms]
2023-08-14 12:09:34.712 [info] > git check-ignore -v -z --stdin [1ms]
2023-08-14 12:09:42.254 [info] > git for-each-ref --format=%(refname)%00%(upstream:short)%00%(objectname)%00%(upstream:track)%00%(upstream:remotename)%00%(upstream:remoteref) refs/heads/checklist_design refs/remotes/checklist_design [1ms]
2023-08-14 12:09:42.284 [info] > git status -z -uall [19ms]
2023-08-14 12:09:43.102 [info] > git check-ignore -v -z --stdin [1ms]
2023-08-14 12:09:51.390 [info] > git for-each-ref --format=%(refname)%00%(upstream:short)%00%(objectname)%00%(upstream:track)%00%(upstream:remotename)%00%(upstream:remoteref) refs/heads/checklist_design refs/remotes/checklist_design [2ms]
2023-08-14 12:09:51.418 [info] > git status -z -uall [20ms]
2023-08-14 12:09:55.345 [info] > git show --textconv :checklist-website/assets/css/style.css [12ms]
2023-08-14 12:09:55.346 [info] > git ls-files --stage -- /run/media/alex/Shared/Development/websites/USS-Vision-Checklist/checklist-website/assets/css/style.css [1ms]
2023-08-14 12:09:55.355 [info] > git cat-file -s 8d39f77e8f6d706b9b41ddfcbae30559fad1d35f [1ms]
2023-08-14 12:10:04.944 [info] > git check-ignore -v -z --stdin [1ms]
2023-08-14 12:10:05.218 [info] > git show --textconv :checklist-website/pages/science/science.html [12ms]
2023-08-14 12:10:05.220 [info] > git ls-files --stage -- /run/media/alex/Shared/Development/websites/USS-Vision-Checklist/checklist-website/pages/science/science.html [2ms]
2023-08-14 12:10:05.231 [info] > git cat-file -s 12606f13d716ec011160a2c2faf0004d98b50499 [1ms]
2023-08-14 12:10:09.098 [info] > git show --textconv :checklist-website/assets/css/style.css [12ms]
2023-08-14 12:10:09.099 [info] > git ls-files --stage -- /run/media/alex/Shared/Development/websites/USS-Vision-Checklist/checklist-website/assets/css/style.css [1ms]
2023-08-14 12:10:09.108 [info] > git cat-file -s 8d39f77e8f6d706b9b41ddfcbae30559fad1d35f [1ms]
2023-08-14 12:11:20.695 [info] > git ls-files --stage -- /run/media/alex/Shared/Development/websites/USS-Vision-Checklist/checklist-website/assets/css/checklist.css [11ms]
2023-08-14 12:11:20.705 [info] > git ls-files --stage -- /run/media/alex/Shared/Development/websites/USS-Vision-Checklist/checklist-website/assets/css/style.css [9ms]
2023-08-14 12:11:20.720 [info] > git cat-file -s 8b8f15f9117f3dab8adb1d8910d06885840aeec3 [15ms]
2023-08-14 12:11:20.720 [info] > git cat-file -s c7cb0d5a94f336d7fbf0e5413a72e0d7780f59da [8ms]
2023-08-14 12:11:20.721 [info] > git for-each-ref --format=%(refname)%00%(upstream:short)%00%(objectname)%00%(upstream:track)%00%(upstream:remotename)%00%(upstream:remoteref) refs/heads/checklist_design refs/remotes/checklist_design [2ms]
2023-08-14 12:11:20.747 [info] > git status -z -uall [19ms]
2023-08-14 12:11:20.747 [info] > git show --textconv :checklist-website/assets/css/checklist.css [11ms]
2023-08-14 12:11:20.747 [info] > git show --textconv :checklist-website/assets/css/style.css [2ms]
2023-08-14 12:11:21.105 [info] > git show --textconv :checklist-website/pages/command/command.html [14ms]
2023-08-14 12:11:21.126 [info] > git show --textconv :checklist-website/pages/engineering/engineering.html [11ms]
2023-08-14 12:11:21.127 [info] > git ls-files --stage -- /run/media/alex/Shared/Development/websites/USS-Vision-Checklist/checklist-website/pages/engineering/engineering.html [3ms]
2023-08-14 12:11:21.137 [info] > git ls-files --stage -- /run/media/alex/Shared/Development/websites/USS-Vision-Checklist/checklist-website/pages/command/command.html [33ms]
2023-08-14 12:11:21.147 [info] > git cat-file -s 7bbfe2ca92065fdcea46dc002b787ee5c999246b [11ms]
2023-08-14 12:11:21.148 [info] > git cat-file -s dbfc63d521b73a3a45be0c7107fa5c584917a43a [2ms]
2023-08-14 12:11:21.329 [info] > git show --textconv :checklist-website/index.html [14ms]
2023-08-14 12:11:21.330 [info] > git ls-files --stage -- /run/media/alex/Shared/Development/websites/USS-Vision-Checklist/checklist-website/index.html [2ms]
2023-08-14 12:11:21.340 [info] > git cat-file -s db960b3f889f71a2abeec001912f3e9178e85fbc [2ms]
2023-08-14 12:11:42.528 [info] > git ls-files --stage -- /run/media/alex/Shared/Development/websites/USS-Vision-Checklist/checklist-website/pages/engineering/engineering.html [11ms]
2023-08-14 12:11:42.536 [info] > git ls-files --stage -- /run/media/alex/Shared/Development/websites/USS-Vision-Checklist/checklist-website/pages/command/command.html [27ms]
2023-08-14 12:11:42.545 [info] > git ls-files --stage -- /run/media/alex/Shared/Development/websites/USS-Vision-Checklist/checklist-website/assets/css/style.css [46ms]
2023-08-14 12:11:42.554 [info] > git ls-files --stage -- /run/media/alex/Shared/Development/websites/USS-Vision-Checklist/checklist-website/assets/css/checklist.css [64ms]
2023-08-14 12:11:42.563 [info] > git config --get commit.template [83ms]
2023-08-14 12:11:42.572 [info] > git cat-file -s 8b8f15f9117f3dab8adb1d8910d06885840aeec3 [10ms]
2023-08-14 12:11:42.573 [info] > git cat-file -s c7cb0d5a94f336d7fbf0e5413a72e0d7780f59da [20ms]
2023-08-14 12:11:42.573 [info] > git cat-file -s dbfc63d521b73a3a45be0c7107fa5c584917a43a [29ms]
2023-08-14 12:11:42.573 [info] > git cat-file -s 7bbfe2ca92065fdcea46dc002b787ee5c999246b [37ms]
2023-08-14 12:11:42.573 [info] > git ls-files --stage -- /run/media/alex/Shared/Development/websites/USS-Vision-Checklist/checklist-website/index.html [47ms]
2023-08-14 12:11:42.581 [info] > git for-each-ref --format=%(refname)%00%(upstream:short)%00%(objectname)%00%(upstream:track)%00%(upstream:remotename)%00%(upstream:remoteref) refs/heads/checklist_design refs/remotes/checklist_design [9ms]
2023-08-14 12:11:42.626 [info] > git status -z -uall [37ms]
2023-08-14 12:11:42.626 [info] > git show --textconv :checklist-website/assets/css/checklist.css [28ms]
2023-08-14 12:11:42.626 [info] > git show --textconv :checklist-website/assets/css/style.css [18ms]
2023-08-14 12:11:42.626 [info] > git show --textconv :checklist-website/pages/command/command.html [9ms]
2023-08-14 12:11:42.629 [info] > git cat-file -s db960b3f889f71a2abeec001912f3e9178e85fbc [48ms]
2023-08-14 12:11:42.630 [info] > git show --textconv :checklist-website/pages/engineering/engineering.html [5ms]
2023-08-14 12:11:42.641 [info] > git show --textconv :checklist-website/index.html [2ms]
2023-08-14 12:11:51.314 [info] > git config --get commit.template [1ms]
2023-08-14 12:11:51.328 [info] > git for-each-ref --format=%(refname)%00%(upstream:short)%00%(objectname)%00%(upstream:track)%00%(upstream:remotename)%00%(upstream:remoteref) refs/heads/checklist_design refs/remotes/checklist_design [2ms]
2023-08-14 12:11:51.337 [info] > git status -z -uall [1ms]
2023-08-14 12:12:16.699 [info] > git config --get commit.template [2ms]
2023-08-14 12:12:16.713 [info] > git for-each-ref --format=%(refname)%00%(upstream:short)%00%(objectname)%00%(upstream:track)%00%(upstream:remotename)%00%(upstream:remoteref) refs/heads/checklist_design refs/remotes/checklist_design [1ms]
2023-08-14 12:12:16.726 [info] > git status -z -uall [2ms]
2023-08-14 12:12:56.169 [info] > git config --get commit.template [14ms]
2023-08-14 12:12:56.169 [info] > git for-each-ref --format=%(refname)%00%(upstream:short)%00%(objectname)%00%(upstream:track)%00%(upstream:remotename)%00%(upstream:remoteref) refs/heads/checklist_design refs/remotes/checklist_design [2ms]
2023-08-14 12:12:56.181 [info] > git status -z -uall [1ms]
2023-08-14 12:13:26.093 [info] > git show --textconv :checklist-website/assets/css/index.css [10ms]
2023-08-14 12:13:26.094 [info] > git ls-files --stage -- /run/media/alex/Shared/Development/websites/USS-Vision-Checklist/checklist-website/assets/css/index.css [2ms]
2023-08-14 12:13:26.102 [info] > git cat-file -s 8c05653d05616f0d7d445d290c59b4e831e7b345 [2ms]
2023-08-14 12:13:44.791 [info] > git config --get commit.template [1ms]
2023-08-14 12:13:44.804 [info] > git for-each-ref --format=%(refname)%00%(upstream:short)%00%(objectname)%00%(upstream:track)%00%(upstream:remotename)%00%(upstream:remoteref) refs/heads/checklist_design refs/remotes/checklist_design [2ms]
2023-08-14 12:13:44.817 [info] > git status -z -uall [2ms]
2023-08-14 12:13:55.809 [info] > git config --get commit.template [1ms]
2023-08-14 12:13:55.820 [info] > git for-each-ref --format=%(refname)%00%(upstream:short)%00%(objectname)%00%(upstream:track)%00%(upstream:remotename)%00%(upstream:remoteref) refs/heads/checklist_design refs/remotes/checklist_design [2ms]
2023-08-14 12:13:55.892 [info] > git status -z -uall [62ms]
2023-08-14 12:13:55.892 [info] > git ls-files --stage -- /run/media/alex/Shared/Development/websites/USS-Vision-Checklist/checklist-website/index.html [12ms]
2023-08-14 12:13:55.901 [info] > git ls-files --stage -- /run/media/alex/Shared/Development/websites/USS-Vision-Checklist/checklist-website/pages/engineering/engineering.html [32ms]
2023-08-14 12:13:55.910 [info] > git ls-files --stage -- /run/media/alex/Shared/Development/websites/USS-Vision-Checklist/checklist-website/pages/command/command.html [53ms]
2023-08-14 12:13:55.921 [info] > git ls-files --stage -- /run/media/alex/Shared/Development/websites/USS-Vision-Checklist/checklist-website/assets/css/style.css [73ms]
2023-08-14 12:13:55.930 [info] > git ls-files --stage -- /run/media/alex/Shared/Development/websites/USS-Vision-Checklist/checklist-website/assets/css/checklist.css [91ms]
2023-08-14 12:13:55.943 [info] > git cat-file -s 8b8f15f9117f3dab8adb1d8910d06885840aeec3 [4ms]
2023-08-14 12:13:55.943 [info] > git cat-file -s c7cb0d5a94f336d7fbf0e5413a72e0d7780f59da [13ms]
2023-08-14 12:13:55.944 [info] > git cat-file -s dbfc63d521b73a3a45be0c7107fa5c584917a43a [24ms]
2023-08-14 12:13:55.944 [info] > git cat-file -s 7bbfe2ca92065fdcea46dc002b787ee5c999246b [34ms]
2023-08-14 12:13:55.944 [info] > git cat-file -s 582fb6506813cda41daf3a46cba3c3b2de154840 [43ms]
2023-08-14 12:13:55.944 [info] > git ls-files --stage -- /run/media/alex/Shared/Development/websites/USS-Vision-Checklist/checklist-website/assets/css/index.css [53ms]
2023-08-14 12:13:55.955 [info] > git cat-file -s 8c05653d05616f0d7d445d290c59b4e831e7b345 [1ms]
2023-08-14 12:13:56.000 [info] > git show --textconv :checklist-website/assets/css/checklist.css [36ms]
2023-08-14 12:13:56.000 [info] > git show --textconv :checklist-website/assets/css/style.css [27ms]
2023-08-14 12:13:56.000 [info] > git show --textconv :checklist-website/pages/command/command.html [19ms]
2023-08-14 12:13:56.000 [info] > git show --textconv :checklist-website/pages/engineering/engineering.html [10ms]
2023-08-14 12:13:56.011 [info] > git show --textconv :checklist-website/index.html [12ms]
2023-08-14 12:13:56.012 [info] > git show --textconv :checklist-website/assets/css/index.css [2ms]
2023-08-14 12:15:41.700 [info] > git config --get commit.template [11ms]
2023-08-14 12:15:41.701 [info] > git for-each-ref --format=%(refname)%00%(upstream:short)%00%(objectname)%00%(upstream:track)%00%(upstream:remotename)%00%(upstream:remoteref) refs/heads/checklist_design refs/remotes/checklist_design [1ms]
2023-08-14 12:15:41.713 [info] > git status -z -uall [1ms]
2023-08-14 12:16:19.140 [info] > git config --get commit.template [15ms]
2023-08-14 12:16:19.140 [info] > git for-each-ref --format=%(refname)%00%(upstream:short)%00%(objectname)%00%(upstream:track)%00%(upstream:remotename)%00%(upstream:remoteref) refs/heads/checklist_design refs/remotes/checklist_design [1ms]
2023-08-14 12:16:19.150 [info] > git status -z -uall [2ms]
2023-08-14 12:16:30.696 [info] > git config --get commit.template [11ms]
2023-08-14 12:16:30.697 [info] > git for-each-ref --format=%(refname)%00%(upstream:short)%00%(objectname)%00%(upstream:track)%00%(upstream:remotename)%00%(upstream:remoteref) refs/heads/checklist_design refs/remotes/checklist_design [1ms]
2023-08-14 12:16:30.707 [info] > git status -z -uall [2ms]
2023-08-14 12:16:34.944 [info] > git show --textconv :checklist-website/pages/science/science.html [10ms]
2023-08-14 12:16:34.944 [info] > git ls-files --stage -- /run/media/alex/Shared/Development/websites/USS-Vision-Checklist/checklist-website/pages/science/science.html [1ms]
2023-08-14 12:16:34.955 [info] > git cat-file -s 12606f13d716ec011160a2c2faf0004d98b50499 [1ms]
2023-08-14 12:16:35.730 [info] > git config --get commit.template [11ms]
2023-08-14 12:16:35.730 [info] > git for-each-ref --format=%(refname)%00%(upstream:short)%00%(objectname)%00%(upstream:track)%00%(upstream:remotename)%00%(upstream:remoteref) refs/heads/checklist_design refs/remotes/checklist_design [1ms]
2023-08-14 12:16:35.740 [info] > git status -z -uall [2ms]
2023-08-14 12:16:40.766 [info] > git config --get commit.template [12ms]
2023-08-14 12:16:40.767 [info] > git for-each-ref --format=%(refname)%00%(upstream:short)%00%(objectname)%00%(upstream:track)%00%(upstream:remotename)%00%(upstream:remoteref) refs/heads/checklist_design refs/remotes/checklist_design [2ms]
2023-08-14 12:16:40.779 [info] > git status -z -uall [1ms]
2023-08-14 12:18:04.167 [info] > git ls-files --stage -- /run/media/alex/Shared/Development/websites/USS-Vision-Checklist/checklist-website/index.html [12ms]
2023-08-14 12:18:04.177 [info] > git ls-files --stage -- /run/media/alex/Shared/Development/websites/USS-Vision-Checklist/checklist-website/pages/engineering/engineering.html [32ms]
2023-08-14 12:18:04.187 [info] > git ls-files --stage -- /run/media/alex/Shared/Development/websites/USS-Vision-Checklist/checklist-website/pages/command/command.html [51ms]
2023-08-14 12:18:04.197 [info] > git ls-files --stage -- /run/media/alex/Shared/Development/websites/USS-Vision-Checklist/checklist-website/assets/css/style.css [70ms]
2023-08-14 12:18:04.207 [info] > git ls-files --stage -- /run/media/alex/Shared/Development/websites/USS-Vision-Checklist/checklist-website/assets/css/checklist.css [91ms]
2023-08-14 12:18:04.216 [info] > git config --get commit.template [113ms]
2023-08-14 12:18:04.227 [info] > git cat-file -s 68e9f03e879f975fa978aec694691ec9a512bbd0 [21ms]
2023-08-14 12:18:04.228 [info] > git cat-file -s 6e7afe4c14597406b46e56313f28e07d61057ebf [32ms]
2023-08-14 12:18:04.228 [info] > git cat-file -s dacc894764bfc507b6a972cbbbded3f3a6047f40 [41ms]
2023-08-14 12:18:04.228 [info] > git cat-file -s db960b3f889f71a2abeec001912f3e9178e85fbc [51ms]
2023-08-14 12:18:04.229 [info] > git ls-files --stage -- /run/media/alex/Shared/Development/websites/USS-Vision-Checklist/checklist-website/pages/science/science.html [63ms]
2023-08-14 12:18:04.237 [info] > git for-each-ref --format=%(refname)%00%(upstream:short)%00%(objectname)%00%(upstream:track)%00%(upstream:remotename)%00%(upstream:remoteref) refs/heads/checklist_design refs/remotes/checklist_design [11ms]
2023-08-14 12:18:04.245 [info] > git cat-file -s 8b8f15f9117f3dab8adb1d8910d06885840aeec3 [29ms]
2023-08-14 12:18:04.278 [info] > git status -z -uall [34ms]
2023-08-14 12:18:04.278 [info] > git show --textconv :checklist-website/assets/css/style.css [25ms]
2023-08-14 12:18:04.278 [info] > git show --textconv :checklist-website/pages/command/command.html [17ms]
2023-08-14 12:18:04.278 [info] > git show --textconv :checklist-website/pages/engineering/engineering.html [8ms]
2023-08-14 12:18:04.281 [info] > git cat-file -s 19e77cdea5e71432294fff965973a9295e2b59d6 [45ms]
2023-08-14 12:18:04.291 [info] > git show --textconv :checklist-website/index.html [13ms]
2023-08-14 12:18:04.291 [info] > git show --textconv :checklist-website/assets/css/checklist.css [2ms]
2023-08-14 12:18:04.303 [info] > git show --textconv :checklist-website/pages/science/science.html [1ms]
