[11:50:04.667] Log Level: 2
[11:50:04.674] SSH Resolver called for "ssh-remote+palma.uni-muenster.de", attempt 1
[11:50:04.675] "remote.SSH.useLocalServer": true
[11:50:04.675] "remote.SSH.path": undefined
[11:50:04.675] "remote.SSH.configFile": undefined
[11:50:04.675] "remote.SSH.useFlock": true
[11:50:04.676] "remote.SSH.lockfilesInTmp": false
[11:50:04.676] "remote.SSH.localServerDownload": auto
[11:50:04.676] "remote.SSH.remoteServerListenOnSocket": false
[11:50:04.676] "remote.SSH.showLoginTerminal": false
[11:50:04.676] "remote.SSH.defaultExtensions": []
[11:50:04.676] "remote.SSH.loglevel": 2
[11:50:04.676] "remote.SSH.enableDynamicForwarding": true
[11:50:04.676] "remote.SSH.enableRemoteCommand": false
[11:50:04.676] "remote.SSH.serverPickPortsFromRange": {}
[11:50:04.677] "remote.SSH.serverInstallPath": {}
[11:50:04.678] VS Code version: 1.80.1
[11:50:04.678] Remote-SSH version: remote-ssh@0.102.0
[11:50:04.678] linux x64
[11:50:04.680] SSH Resolver called for host: palma.uni-muenster.de
[11:50:04.680] Setting up SSH remote "palma.uni-muenster.de"
[11:50:04.682] Acquiring local install lock: /tmp/vscode-remote-ssh-9af322b3-install.lock
[11:50:04.683] Looking for existing server data file at /home/alex/.config/Code/User/globalStorage/ms-vscode-remote.remote-ssh/vscode-ssh-host-9af322b3-74f6148eb9ea00507ec113ec51c489d6ffb4b771-0.102.0/data.json
[11:50:04.684] Using commit id "74f6148eb9ea00507ec113ec51c489d6ffb4b771" and quality "stable" for server
[11:50:04.686] Install and start server if needed
[11:50:04.690] PATH: /home/alex/.cargo/bin:/usr/local/sbin:/usr/local/bin:/usr/bin:/var/lib/flatpak/exports/bin:/usr/lib/jvm/default/bin:/usr/bin/site_perl:/usr/bin/vendor_perl:/usr/bin/core_perl
[11:50:04.690] Checking ssh with "ssh -V"
[11:50:04.700] > OpenSSH_9.4p1, OpenSSL 3.1.2 1 Aug 2023

[11:50:04.702] askpass server listening on /run/user/1000/vscode-ssh-askpass-4da0be540883b377b4bf3873000a8321270ca53f.sock
[11:50:04.702] Spawning local server with {"serverId":1,"ipcHandlePath":"/run/user/1000/vscode-ssh-askpass-3de26089ff0d060869d41547e2dff844b2db5269.sock","sshCommand":"ssh","sshArgs":["-v","-T","-D","34819","-o","ConnectTimeout=15","palma.uni-muenster.de"],"serverDataFolderName":".vscode-server","dataFilePath":"/home/alex/.config/Code/User/globalStorage/ms-vscode-remote.remote-ssh/vscode-ssh-host-9af322b3-74f6148eb9ea00507ec113ec51c489d6ffb4b771-0.102.0/data.json"}
[11:50:04.703] Local server env: {"SHELL":"/usr/bin/zsh","DISPLAY":":1","ELECTRON_RUN_AS_NODE":"1","SSH_ASKPASS":"/home/alex/.vscode/extensions/ms-vscode-remote.remote-ssh-0.102.0/out/local-server/askpass.sh","VSCODE_SSH_ASKPASS_NODE":"/opt/visual-studio-code/code","VSCODE_SSH_ASKPASS_EXTRA_ARGS":"--ms-enable-electron-run-as-node","VSCODE_SSH_ASKPASS_MAIN":"/home/alex/.vscode/extensions/ms-vscode-remote.remote-ssh-0.102.0/out/askpass-main.js","VSCODE_SSH_ASKPASS_HANDLE":"/run/user/1000/vscode-ssh-askpass-4da0be540883b377b4bf3873000a8321270ca53f.sock"}
[11:50:04.707] Spawned 18524
[11:50:04.791] > local-server-1> Running ssh connection command: "-v -T -D 34819 -o ConnectTimeout=15 palma.uni-muenster.de"
[11:50:04.796] > local-server-1> Spawned ssh, pid=18532
[11:50:04.801] stderr> OpenSSH_9.4p1, OpenSSL 3.1.2 1 Aug 2023
[11:50:04.995] stderr> debug1: Server host key: ssh-rsa SHA256:2DgT9f4Egl82qbm+eLtryg3bNfIxYuT2z8Mhqa5H4B0
[11:50:05.350] stderr> Authenticated to palma.uni-muenster.de ([128.176.193.70]:22) using "publickey".
[11:50:05.977] > ready: de9a7ecbc062
[11:50:06.006] > Linux 3.10.0-1160.95.1.el7.x86_64 #1 SMP Mon Jul 24 13:59:37 UTC 2023
[11:50:06.006] Platform: linux
[11:50:06.032] > /bin/bash
[11:50:06.033] Shell: bash
[11:50:06.033] Creating bash subshell inside "bash"
[11:50:06.072] > bash version:  4.2.46(2)-release
[11:50:06.162] > de9a7ecbc062: running
[11:50:06.217] > Acquiring lock on /home/a/a_wels03/.vscode-server/bin/74f6148eb9ea00507ec113ec51c489d6ffb4b771/vscode-remote-lock.a_wels03.74f6148eb9ea00507ec113ec51c489d6ffb4b771
[11:50:06.227] > Found existing installation at /home/a/a_wels03/.vscode-server/bin/74f6148eb9ea00507ec113ec51c489d6ffb4b771...
[11:50:06.227] > Checking /home/a/a_wels03/.vscode-server/.74f6148eb9ea00507ec113ec51c489d6ffb4b771.log and /home/a/a_wels03/.vscode-server/.74f6148eb9ea00507ec113ec51c489d6ffb4b771.pid for a running server
[11:50:06.231] > Looking for server with pid: 70176
[11:50:06.321] > Found running server...
>  
> *
> * Visual Studio Code Server
> *
> * By using the software, you agree to
> * the Visual Studio Code Server License Terms (https://aka.ms/vscode-server-license) and
> * the Microsoft Privacy Statement (https://privacy.microsoft.com/en-US/privacystatement).
> *
>  
[11:50:06.335] > Checking server status on port 42074 with wget
[11:50:06.356] > de9a7ecbc062: start
> SSH_AUTH_SOCK====
> DISPLAY====
> webUiAccessToken====
> listeningOn==42074==
> osReleaseId==centos==
> arch==x86_64==
> vscodeArch==x64==
> bitness==64==
> tmpDir==/run/user/10111115==
> platform==linux==
[11:50:06.357] > unpackResult====
> didLocalDownload==0==
> downloadTime====
> installTime====
> extInstallTime====
> serverStartTime====
> connectionToken==aa1a11aa-1111-11a1-11a1-1aaaaa111aa1==
> de9a7ecbc062: end
[11:50:06.357] Received install output: 
SSH_AUTH_SOCK====
DISPLAY====
webUiAccessToken====
listeningOn==42074==
osReleaseId==centos==
arch==x86_64==
vscodeArch==x64==
bitness==64==
tmpDir==/run/user/10111115==
platform==linux==unpackResult====
didLocalDownload==0==
downloadTime====
installTime====
extInstallTime====
serverStartTime====
connectionToken==aa1a11aa-1111-11a1-11a1-1aaaaa111aa1==

[11:50:06.357] Remote server is listening on 42074
[11:50:06.358] Parsed server configuration: {"serverConfiguration":{"remoteListeningOn":{"port":42074},"osReleaseId":"centos","arch":"x86_64","webUiAccessToken":"","sshAuthSock":"","display":"","tmpDir":"/run/user/10111115","platform":"linux","connectionToken":"aa1a11aa-1111-11a1-11a1-1aaaaa111aa1"},"installUnpackCode":""}
[11:50:06.358] Persisting server connection details to /home/alex/.config/Code/User/globalStorage/ms-vscode-remote.remote-ssh/vscode-ssh-host-9af322b3-74f6148eb9ea00507ec113ec51c489d6ffb4b771-0.102.0/data.json
[11:50:06.361] Starting forwarding server. localPort 46397 -> socksPort 34819 -> remotePort 42074
[11:50:06.362] Forwarding server listening on 46397
[11:50:06.362] Waiting for ssh tunnel to be ready
[11:50:06.363] [Forwarding server 46397] Got connection 0
[11:50:06.365] Tunneled 42074 to local port 46397
[11:50:06.365] Resolved "ssh-remote+palma.uni-muenster.de" to "127.0.0.1:46397"
[11:50:06.378] ------




[11:50:06.383] [Forwarding server 46397] Got connection 1
[11:50:06.458] [Forwarding server 46397] Got connection 2
