2023-08-14 14:34:45.362 [info] Added views:workbench.panel.markers.view in workbench.panel.markers
2023-08-14 14:34:45.362 [info] Added views:workbench.panel.output in workbench.panel.output
2023-08-14 14:34:45.362 [info] Added views:terminal in terminal
2023-08-14 14:34:45.362 [info] Added views:outline in workbench.view.explorer
2023-08-14 14:34:45.362 [info] Added views:workbench.scm in workbench.view.scm
2023-08-14 14:34:45.362 [info] Added views:workbench.view.search in workbench.view.search
2023-08-14 14:34:45.362 [info] Added views:timeline in workbench.view.explorer
2023-08-14 14:34:45.362 [info] Added views:workbench.explorer.fileView in workbench.view.explorer
2023-08-14 14:34:45.542 [info] Added views:workbench.debug.welcome in workbench.view.debug
2023-08-14 14:34:45.656 [info] Added views:remoteTargets in workbench.view.remote
2023-08-14 14:34:45.838 [info] Added views:workbench.panel.repl.view in workbench.panel.repl
2023-08-14 14:35:00.566 [info] Added views:workbench.panel.markers.view in workbench.panel.markers
2023-08-14 14:35:00.567 [info] Added views:workbench.panel.output in workbench.panel.output
2023-08-14 14:35:00.567 [info] Added views:terminal in terminal
2023-08-14 14:35:00.567 [info] Added views:outline in workbench.view.explorer
2023-08-14 14:35:00.567 [info] Added views:workbench.scm in workbench.view.scm
2023-08-14 14:35:00.567 [info] Added views:workbench.view.search in workbench.view.search
2023-08-14 14:35:00.567 [info] Added views:timeline in workbench.view.explorer
2023-08-14 14:35:00.567 [info] Added views:workbench.explorer.fileView in workbench.view.explorer
2023-08-14 14:35:00.703 [info] Added views:remoteTargets in workbench.view.remote
2023-08-14 14:35:00.854 [info] Added views:workbench.debug.variablesView,workbench.debug.watchExpressionsView,workbench.debug.callStackView,workbench.debug.breakPointsView in workbench.view.debug
2023-08-14 14:35:00.877 [info] Added views:workbench.panel.repl.view in workbench.panel.repl
2023-08-14 14:35:00.878 [info] Removed views:workbench.debug.breakPointsView,workbench.debug.callStackView,workbench.debug.watchExpressionsView,workbench.debug.variablesView from workbench.view.debug
2023-08-14 14:35:00.878 [info] Added views:workbench.debug.welcome in workbench.view.debug
