2023-08-14 11:53:18.624 [info] Log level: Info
2023-08-14 11:53:18.625 [info] Validating found git in: "git"
2023-08-14 11:53:18.625 [info] Using git "2.41.0" from "git"
2023-08-14 11:53:39.545 [info] Log level: Info
2023-08-14 11:53:39.545 [info] Validating found git in: "git"
2023-08-14 11:53:39.545 [info] Using git "2.41.0" from "git"
2023-08-14 11:53:39.545 [info] > git rev-parse --show-toplevel [5ms]
2023-08-14 11:53:39.612 [info] > git rev-parse --git-dir --git-common-dir [61ms]
2023-08-14 11:53:39.617 [info] Open repository: /home/alex/Development/master/FlowNet_PET
2023-08-14 11:53:40.041 [info] > git rev-parse --show-toplevel [416ms]
2023-08-14 11:53:40.073 [info] > git rev-parse --show-toplevel [19ms]
2023-08-14 11:53:40.085 [info] > git config --get commit.template [50ms]
2023-08-14 11:53:40.097 [info] > git rev-parse --show-toplevel [12ms]
2023-08-14 11:53:40.119 [info] > git for-each-ref --format=%(refname)%00%(upstream:short)%00%(objectname)%00%(upstream:track)%00%(upstream:remotename)%00%(upstream:remoteref) refs/heads/main refs/remotes/main [3ms]
2023-08-14 11:53:40.130 [info] > git rev-parse --show-toplevel [24ms]
2023-08-14 11:53:40.140 [info] > git status -z -uall [11ms]
2023-08-14 11:53:40.140 [info] > git rev-parse --show-toplevel [2ms]
2023-08-14 11:53:40.168 [info] > git rev-parse --show-toplevel [18ms]
2023-08-14 11:53:40.180 [info] > git rev-parse --show-toplevel [3ms]
2023-08-14 11:53:40.190 [info] > git config --get commit.template [23ms]
2023-08-14 11:53:40.191 [info] > git rev-parse --show-toplevel [2ms]
2023-08-14 11:53:40.211 [info] > git rev-parse --show-toplevel [12ms]
2023-08-14 11:53:40.265 [info] > git show --textconv :train_flownet_pet.py [43ms]
2023-08-14 11:53:40.265 [info] > git show --textconv :configs/fnp_1.ini [24ms]
2023-08-14 11:53:40.265 [info] > git ls-files --stage -- /home/alex/Development/master/FlowNet_PET/configs/fnp_1.ini [15ms]
2023-08-14 11:53:40.276 [info] > git ls-files --stage -- /home/alex/Development/master/FlowNet_PET/train_flownet_pet.py [44ms]
2023-08-14 11:53:40.287 [info] > git for-each-ref --format=%(refname)%00%(upstream:short)%00%(objectname)%00%(upstream:track)%00%(upstream:remotename)%00%(upstream:remoteref) refs/heads/main refs/remotes/main [77ms]
2023-08-14 11:53:40.297 [info] > git cat-file -s f902707dd54d4feb350725d61b595a9c92f3e434 [11ms]
2023-08-14 11:53:40.298 [info] > git cat-file -s 5eb3787b241df01b7481ec149ac4f017a7a1c195 [23ms]
2023-08-14 11:53:40.298 [info] > git status -z -uall [2ms]
2023-08-14 11:53:40.574 [info] > git check-ignore -v -z --stdin [2ms]
2023-08-14 11:54:08.547 [info] > git config --get commit.template [13ms]
2023-08-14 11:54:08.548 [info] > git for-each-ref --format=%(refname)%00%(upstream:short)%00%(objectname)%00%(upstream:track)%00%(upstream:remotename)%00%(upstream:remoteref) refs/heads/main refs/remotes/main [2ms]
2023-08-14 11:54:08.562 [info] > git status -z -uall [2ms]
2023-08-14 11:54:13.589 [info] > git config --get commit.template [14ms]
2023-08-14 11:54:13.590 [info] > git for-each-ref --format=%(refname)%00%(upstream:short)%00%(objectname)%00%(upstream:track)%00%(upstream:remotename)%00%(upstream:remoteref) refs/heads/main refs/remotes/main [2ms]
2023-08-14 11:54:13.603 [info] > git status -z -uall [1ms]
2023-08-14 11:54:25.968 [info] > git show --textconv :flownet.py [11ms]
2023-08-14 11:54:25.969 [info] > git ls-files --stage -- /home/alex/Development/master/FlowNet_PET/flownet.py [1ms]
2023-08-14 11:54:25.982 [info] > git cat-file -s 176723dd6babb269ac5dc8cb4f5e742c498092a8 [1ms]
2023-08-14 11:57:39.837 [info] > git config --get commit.template [15ms]
2023-08-14 11:57:39.837 [info] > git for-each-ref --format=%(refname)%00%(upstream:short)%00%(objectname)%00%(upstream:track)%00%(upstream:remotename)%00%(upstream:remoteref) refs/heads/main refs/remotes/main [1ms]
2023-08-14 11:57:39.853 [info] > git status -z -uall [1ms]
2023-08-14 11:58:35.009 [info] > git config --get commit.template [15ms]
2023-08-14 11:58:35.010 [info] > git for-each-ref --format=%(refname)%00%(upstream:short)%00%(objectname)%00%(upstream:track)%00%(upstream:remotename)%00%(upstream:remoteref) refs/heads/main refs/remotes/main [2ms]
2023-08-14 11:58:35.024 [info] > git status -z -uall [2ms]
2023-08-14 11:59:00.638 [info] > git config --get commit.template [15ms]
2023-08-14 11:59:00.638 [info] > git for-each-ref --format=%(refname)%00%(upstream:short)%00%(objectname)%00%(upstream:track)%00%(upstream:remotename)%00%(upstream:remoteref) refs/heads/main refs/remotes/main [1ms]
2023-08-14 11:59:00.653 [info] > git status -z -uall [2ms]
2023-08-14 11:59:07.203 [info] > git config --get commit.template [16ms]
2023-08-14 11:59:07.204 [info] > git for-each-ref --format=%(refname)%00%(upstream:short)%00%(objectname)%00%(upstream:track)%00%(upstream:remotename)%00%(upstream:remoteref) refs/heads/main refs/remotes/main [2ms]
2023-08-14 11:59:07.219 [info] > git status -z -uall [1ms]
2023-08-14 11:59:36.692 [info] > git config --get commit.template [10ms]
2023-08-14 11:59:36.693 [info] > git for-each-ref --format=%(refname)%00%(upstream:short)%00%(objectname)%00%(upstream:track)%00%(upstream:remotename)%00%(upstream:remoteref) refs/heads/main refs/remotes/main [1ms]
2023-08-14 11:59:36.704 [info] > git status -z -uall [1ms]
2023-08-14 12:18:35.418 [info] > git config --get commit.template [12ms]
2023-08-14 12:18:35.418 [info] > git for-each-ref --format=%(refname)%00%(upstream:short)%00%(objectname)%00%(upstream:track)%00%(upstream:remotename)%00%(upstream:remoteref) refs/heads/main refs/remotes/main [1ms]
2023-08-14 12:18:35.432 [info] > git status -z -uall [2ms]
2023-08-14 12:18:51.706 [info] > git config --get commit.template [14ms]
2023-08-14 12:18:51.707 [info] > git for-each-ref --format=%(refname)%00%(upstream:short)%00%(objectname)%00%(upstream:track)%00%(upstream:remotename)%00%(upstream:remoteref) refs/heads/main refs/remotes/main [2ms]
2023-08-14 12:18:51.718 [info] > git status -z -uall [2ms]
2023-08-14 12:19:11.490 [info] > git config --get commit.template [15ms]
2023-08-14 12:19:11.491 [info] > git for-each-ref --format=%(refname)%00%(upstream:short)%00%(objectname)%00%(upstream:track)%00%(upstream:remotename)%00%(upstream:remoteref) refs/heads/main refs/remotes/main [2ms]
2023-08-14 12:19:11.506 [info] > git status -z -uall [2ms]
2023-08-14 12:34:06.580 [info] > git show --textconv :utils.py [9ms]
2023-08-14 12:34:06.580 [info] > git ls-files --stage -- /home/alex/Development/master/FlowNet_PET/utils.py [1ms]
2023-08-14 12:34:06.591 [info] > git cat-file -s c742d9a6ae3dbc779b9fb80bd5898ab9effcc404 [1ms]
2023-08-14 12:35:44.079 [info] > git rev-parse --show-toplevel [2ms]
2023-08-14 12:35:44.079 [info] fatal: not a git repository (or any of the parent directories): .git
2023-08-14 12:41:37.070 [info] > git config --get commit.template [12ms]
2023-08-14 12:41:37.071 [info] > git for-each-ref --format=%(refname)%00%(upstream:short)%00%(objectname)%00%(upstream:track)%00%(upstream:remotename)%00%(upstream:remoteref) refs/heads/main refs/remotes/main [1ms]
2023-08-14 12:41:37.083 [info] > git status -z -uall [1ms]
2023-08-14 12:41:46.490 [info] > git config --get commit.template [60ms]
2023-08-14 12:41:46.553 [info] > git for-each-ref --format=%(refname)%00%(upstream:short)%00%(objectname)%00%(upstream:track)%00%(upstream:remotename)%00%(upstream:remoteref) refs/heads/main refs/remotes/main [34ms]
2023-08-14 12:41:46.578 [info] > git status -z -uall [11ms]
2023-08-14 12:41:51.614 [info] > git config --get commit.template [19ms]
2023-08-14 12:41:51.614 [info] > git for-each-ref --format=%(refname)%00%(upstream:short)%00%(objectname)%00%(upstream:track)%00%(upstream:remotename)%00%(upstream:remoteref) refs/heads/main refs/remotes/main [1ms]
2023-08-14 12:41:51.630 [info] > git status -z -uall [1ms]
2023-08-14 12:42:00.110 [info] > git check-ignore -v -z --stdin [2ms]
2023-08-14 12:46:57.817 [info] > git config --get commit.template [1ms]
2023-08-14 12:46:57.835 [info] > git for-each-ref --format=%(refname)%00%(upstream:short)%00%(objectname)%00%(upstream:track)%00%(upstream:remotename)%00%(upstream:remoteref) refs/heads/main refs/remotes/main [1ms]
2023-08-14 12:46:57.851 [info] > git status -z -uall [2ms]
2023-08-14 12:47:06.831 [info] > git config --get commit.template [16ms]
2023-08-14 12:47:06.831 [info] > git for-each-ref --format=%(refname)%00%(upstream:short)%00%(objectname)%00%(upstream:track)%00%(upstream:remotename)%00%(upstream:remoteref) refs/heads/main refs/remotes/main [2ms]
2023-08-14 12:47:06.851 [info] > git status -z -uall [2ms]
2023-08-14 12:49:54.590 [info] > git config --get commit.template [15ms]
2023-08-14 12:49:54.591 [info] > git for-each-ref --format=%(refname)%00%(upstream:short)%00%(objectname)%00%(upstream:track)%00%(upstream:remotename)%00%(upstream:remoteref) refs/heads/main refs/remotes/main [1ms]
2023-08-14 12:49:54.603 [info] > git status -z -uall [2ms]
2023-08-14 12:51:00.072 [info] > git config --get commit.template [15ms]
2023-08-14 12:51:00.073 [info] > git for-each-ref --format=%(refname)%00%(upstream:short)%00%(objectname)%00%(upstream:track)%00%(upstream:remotename)%00%(upstream:remoteref) refs/heads/main refs/remotes/main [1ms]
2023-08-14 12:51:00.090 [info] > git status -z -uall [2ms]
2023-08-14 12:51:46.355 [info] > git config --get commit.template [1ms]
2023-08-14 12:51:46.367 [info] > git for-each-ref --format=%(refname)%00%(upstream:short)%00%(objectname)%00%(upstream:track)%00%(upstream:remotename)%00%(upstream:remoteref) refs/heads/main refs/remotes/main [1ms]
2023-08-14 12:51:46.380 [info] > git status -z -uall [2ms]
2023-08-14 12:51:57.940 [info] > git config --get commit.template [14ms]
2023-08-14 12:51:57.941 [info] > git for-each-ref --format=%(refname)%00%(upstream:short)%00%(objectname)%00%(upstream:track)%00%(upstream:remotename)%00%(upstream:remoteref) refs/heads/main refs/remotes/main [1ms]
2023-08-14 12:51:57.956 [info] > git status -z -uall [2ms]
2023-08-14 12:52:09.094 [info] > git config --get commit.template [16ms]
2023-08-14 12:52:09.094 [info] > git for-each-ref --format=%(refname)%00%(upstream:short)%00%(objectname)%00%(upstream:track)%00%(upstream:remotename)%00%(upstream:remoteref) refs/heads/main refs/remotes/main [1ms]
2023-08-14 12:52:09.108 [info] > git status -z -uall [1ms]
2023-08-14 12:52:29.407 [info] > git config --get commit.template [14ms]
2023-08-14 12:52:29.408 [info] > git for-each-ref --format=%(refname)%00%(upstream:short)%00%(objectname)%00%(upstream:track)%00%(upstream:remotename)%00%(upstream:remoteref) refs/heads/main refs/remotes/main [1ms]
2023-08-14 12:52:29.424 [info] > git status -z -uall [2ms]
2023-08-14 12:52:37.062 [info] > git config --get commit.template [15ms]
2023-08-14 12:52:37.062 [info] > git for-each-ref --format=%(refname)%00%(upstream:short)%00%(objectname)%00%(upstream:track)%00%(upstream:remotename)%00%(upstream:remoteref) refs/heads/main refs/remotes/main [1ms]
2023-08-14 12:52:37.079 [info] > git status -z -uall [2ms]
2023-08-14 12:52:42.115 [info] > git config --get commit.template [17ms]
2023-08-14 12:52:42.116 [info] > git for-each-ref --format=%(refname)%00%(upstream:short)%00%(objectname)%00%(upstream:track)%00%(upstream:remotename)%00%(upstream:remoteref) refs/heads/main refs/remotes/main [1ms]
2023-08-14 12:52:42.131 [info] > git status -z -uall [1ms]
2023-08-14 12:52:54.174 [info] > git config --get commit.template [14ms]
2023-08-14 12:52:54.175 [info] > git for-each-ref --format=%(refname)%00%(upstream:short)%00%(objectname)%00%(upstream:track)%00%(upstream:remotename)%00%(upstream:remoteref) refs/heads/main refs/remotes/main [1ms]
2023-08-14 12:52:54.192 [info] > git status -z -uall [3ms]
2023-08-14 12:53:33.717 [info] > git config --get commit.template [10ms]
2023-08-14 12:53:33.718 [info] > git for-each-ref --format=%(refname)%00%(upstream:short)%00%(objectname)%00%(upstream:track)%00%(upstream:remotename)%00%(upstream:remoteref) refs/heads/main refs/remotes/main [1ms]
2023-08-14 12:53:33.732 [info] > git status -z -uall [1ms]
2023-08-14 12:53:53.672 [info] > git config --get commit.template [12ms]
2023-08-14 12:53:53.673 [info] > git for-each-ref --format=%(refname)%00%(upstream:short)%00%(objectname)%00%(upstream:track)%00%(upstream:remotename)%00%(upstream:remoteref) refs/heads/main refs/remotes/main [1ms]
2023-08-14 12:53:53.685 [info] > git status -z -uall [2ms]
2023-08-14 12:53:55.769 [info] > git show --textconv :utils.py [11ms]
2023-08-14 12:53:55.770 [info] > git ls-files --stage -- /home/alex/Development/master/FlowNet_PET/utils.py [2ms]
2023-08-14 12:53:55.788 [info] > git cat-file -s c742d9a6ae3dbc779b9fb80bd5898ab9effcc404 [2ms]
2023-08-14 13:23:16.906 [info] > git config --get commit.template [12ms]
2023-08-14 13:23:16.907 [info] > git for-each-ref --format=%(refname)%00%(upstream:short)%00%(objectname)%00%(upstream:track)%00%(upstream:remotename)%00%(upstream:remoteref) refs/heads/main refs/remotes/main [1ms]
2023-08-14 13:23:16.921 [info] > git status -z -uall [3ms]
2023-08-14 13:23:54.053 [info] > git config --get commit.template [16ms]
2023-08-14 13:23:54.054 [info] > git for-each-ref --format=%(refname)%00%(upstream:short)%00%(objectname)%00%(upstream:track)%00%(upstream:remotename)%00%(upstream:remoteref) refs/heads/main refs/remotes/main [1ms]
2023-08-14 13:23:54.072 [info] > git status -z -uall [1ms]
2023-08-14 13:24:43.485 [info] > git config --get commit.template [14ms]
2023-08-14 13:24:43.486 [info] > git for-each-ref --format=%(refname)%00%(upstream:short)%00%(objectname)%00%(upstream:track)%00%(upstream:remotename)%00%(upstream:remoteref) refs/heads/main refs/remotes/main [1ms]
2023-08-14 13:24:43.497 [info] > git status -z -uall [1ms]
2023-08-14 13:25:43.382 [info] > git config --get commit.template [11ms]
2023-08-14 13:25:43.383 [info] > git for-each-ref --format=%(refname)%00%(upstream:short)%00%(objectname)%00%(upstream:track)%00%(upstream:remotename)%00%(upstream:remoteref) refs/heads/main refs/remotes/main [1ms]
2023-08-14 13:25:43.396 [info] > git status -z -uall [2ms]
2023-08-14 13:29:35.768 [info] > git config --get commit.template [16ms]
2023-08-14 13:29:35.795 [info] > git ls-files --stage -- /home/alex/Development/master/FlowNet_PET/train_flownet_pet.py [15ms]
2023-08-14 13:29:35.808 [info] > git for-each-ref --format=%(refname)%00%(upstream:short)%00%(objectname)%00%(upstream:track)%00%(upstream:remotename)%00%(upstream:remoteref) refs/heads/main refs/remotes/main [42ms]
2023-08-14 13:29:35.822 [info] > git cat-file -s f902707dd54d4feb350725d61b595a9c92f3e434 [14ms]
2023-08-14 13:29:35.823 [info] > git ls-files --stage -- /home/alex/Development/master/FlowNet_PET/configs/fnp_1.ini [29ms]
2023-08-14 13:29:35.838 [info] > git status -z -uall [17ms]
2023-08-14 13:29:35.853 [info] > git cat-file -s 5eb3787b241df01b7481ec149ac4f017a7a1c195 [16ms]
2023-08-14 13:29:35.854 [info] > git show --textconv :train_flownet_pet.py [1ms]
2023-08-14 13:29:35.869 [info] > git show --textconv :configs/fnp_1.ini [1ms]
2023-08-14 13:29:51.325 [info] > git config --get commit.template [16ms]
2023-08-14 13:29:51.325 [info] > git for-each-ref --format=%(refname)%00%(upstream:short)%00%(objectname)%00%(upstream:track)%00%(upstream:remotename)%00%(upstream:remoteref) refs/heads/main refs/remotes/main [1ms]
2023-08-14 13:29:51.341 [info] > git status -z -uall [2ms]
2023-08-14 13:32:08.002 [info] > git config --get commit.template [16ms]
2023-08-14 13:32:08.003 [info] > git for-each-ref --format=%(refname)%00%(upstream:short)%00%(objectname)%00%(upstream:track)%00%(upstream:remotename)%00%(upstream:remoteref) refs/heads/main refs/remotes/main [2ms]
2023-08-14 13:32:08.020 [info] > git status -z -uall [1ms]
2023-08-14 13:32:13.058 [info] > git config --get commit.template [17ms]
2023-08-14 13:32:13.058 [info] > git for-each-ref --format=%(refname)%00%(upstream:short)%00%(objectname)%00%(upstream:track)%00%(upstream:remotename)%00%(upstream:remoteref) refs/heads/main refs/remotes/main [1ms]
2023-08-14 13:32:13.077 [info] > git status -z -uall [1ms]
2023-08-14 13:33:37.550 [info] > git config --get commit.template [14ms]
2023-08-14 13:33:37.551 [info] > git for-each-ref --format=%(refname)%00%(upstream:short)%00%(objectname)%00%(upstream:track)%00%(upstream:remotename)%00%(upstream:remoteref) refs/heads/main refs/remotes/main [1ms]
2023-08-14 13:33:37.562 [info] > git status -z -uall [1ms]
