2023-08-14 11:53:19.222 [info] Reading sessions from keychain...
2023-08-14 11:53:19.222 [info] Getting sessions for all scopes...
2023-08-14 11:53:19.222 [info] Getting sessions for user:email...
2023-08-14 11:53:19.223 [info] Getting sessions for read:user...
2023-08-14 11:53:19.223 [info] Getting sessions for all scopes...
2023-08-14 11:53:19.225 [info] Got stored sessions!
2023-08-14 11:53:19.226 [info] Got 1 verified sessions.
2023-08-14 11:53:19.226 [info] Got 1 sessions for ...
2023-08-14 11:53:19.226 [info] Got 1 sessions for user:email...
2023-08-14 11:53:19.226 [info] Got 0 sessions for read:user...
2023-08-14 11:53:19.226 [info] Got 1 sessions for ...
2023-08-14 11:53:19.261 [info] Getting sessions for user:email...
2023-08-14 11:53:19.261 [info] Got 1 sessions for user:email...
2023-08-14 11:53:19.366 [info] Getting sessions for all scopes...
2023-08-14 11:53:19.366 [info] Got 1 sessions for ...
2023-08-14 11:53:39.545 [info] Reading sessions from keychain...
2023-08-14 11:53:39.545 [info] Getting sessions for all scopes...
2023-08-14 11:53:39.545 [info] Got stored sessions!
2023-08-14 11:53:39.545 [info] Got 1 verified sessions.
2023-08-14 11:53:39.545 [info] Got 1 sessions for ...
2023-08-14 11:53:39.545 [info] Getting sessions for user:email...
2023-08-14 11:53:39.545 [info] Got 1 sessions for user:email...
2023-08-14 11:53:39.545 [info] Getting sessions for all scopes...
2023-08-14 11:53:39.545 [info] Got 1 sessions for ...
2023-08-14 11:53:40.118 [info] Getting sessions for all scopes...
2023-08-14 11:53:40.118 [info] Got 1 sessions for ...
2023-08-14 11:53:40.190 [info] Getting sessions for read:user...
2023-08-14 11:53:40.190 [info] Got 0 sessions for read:user...
2023-08-14 11:53:40.298 [info] Getting sessions for user:email...
2023-08-14 11:53:40.298 [info] Got 1 sessions for user:email...
2023-08-14 12:18:40.690 [info] Getting sessions for read:user...
2023-08-14 12:18:40.690 [info] Got 0 sessions for read:user...
2023-08-14 12:18:40.691 [info] Getting sessions for user:email...
2023-08-14 12:18:40.691 [info] Got 1 sessions for user:email...
2023-08-14 12:43:41.003 [info] Getting sessions for read:user...
2023-08-14 12:43:41.003 [info] Got 0 sessions for read:user...
2023-08-14 12:43:41.005 [info] Getting sessions for user:email...
2023-08-14 12:43:41.005 [info] Got 1 sessions for user:email...
2023-08-14 13:08:41.379 [info] Getting sessions for read:user...
2023-08-14 13:08:41.379 [info] Got 0 sessions for read:user...
2023-08-14 13:08:41.380 [info] Getting sessions for user:email...
2023-08-14 13:08:41.380 [info] Got 1 sessions for user:email...
2023-08-14 13:33:41.701 [info] Getting sessions for read:user...
2023-08-14 13:33:41.701 [info] Got 0 sessions for read:user...
2023-08-14 13:33:41.702 [info] Getting sessions for user:email...
2023-08-14 13:33:41.702 [info] Got 1 sessions for user:email...
