2023-08-14 14:34:46.632 [info] Reading sessions from keychain...
2023-08-14 14:34:46.632 [info] Getting sessions for all scopes...
2023-08-14 14:34:46.632 [info] Got stored sessions!
2023-08-14 14:34:46.632 [info] Got 1 verified sessions.
2023-08-14 14:34:46.632 [info] Got 1 sessions for ...
2023-08-14 14:34:46.632 [info] Getting sessions for user:email...
2023-08-14 14:34:46.632 [info] Got 1 sessions for user:email...
2023-08-14 14:34:46.632 [info] Getting sessions for all scopes...
2023-08-14 14:34:46.632 [info] Got 1 sessions for ...
2023-08-14 14:34:46.632 [info] Getting sessions for read:user...
2023-08-14 14:34:46.632 [info] Got 0 sessions for read:user...
2023-08-14 14:34:46.643 [info] Getting sessions for user:email...
2023-08-14 14:34:46.643 [info] Got 1 sessions for user:email...
2023-08-14 14:34:46.648 [info] Getting sessions for all scopes...
2023-08-14 14:34:46.648 [info] Got 1 sessions for ...
2023-08-14 14:35:01.616 [info] Reading sessions from keychain...
2023-08-14 14:35:01.617 [info] Getting sessions for all scopes...
2023-08-14 14:35:01.617 [info] Getting sessions for user:email...
2023-08-14 14:35:01.617 [info] Got stored sessions!
2023-08-14 14:35:01.617 [info] Got 1 verified sessions.
2023-08-14 14:35:01.617 [info] Got 1 sessions for ...
2023-08-14 14:35:01.617 [info] Got 1 sessions for user:email...
2023-08-14 14:35:01.617 [info] Getting sessions for all scopes...
2023-08-14 14:35:01.617 [info] Got 1 sessions for ...
2023-08-14 14:35:01.645 [info] Getting sessions for read:user...
2023-08-14 14:35:01.645 [info] Got 0 sessions for read:user...
2023-08-14 14:35:01.647 [info] Getting sessions for user:email...
2023-08-14 14:35:01.647 [info] Got 1 sessions for user:email...
2023-08-14 14:35:01.649 [info] Getting sessions for all scopes...
2023-08-14 14:35:01.649 [info] Got 1 sessions for ...
