2023-08-14 10:20:46.286 [info] Log level: Info
2023-08-14 10:20:46.286 [info] Validating found git in: "git"
2023-08-14 10:20:46.286 [info] Using git "2.41.0" from "git"
2023-08-14 10:20:46.286 [info] > git rev-parse --show-toplevel [4ms]
2023-08-14 10:20:46.286 [info] > git rev-parse --git-dir --git-common-dir [83ms]
2023-08-14 10:20:46.286 [info] Open repository: /home/alex/Development/master/FlowNet_PET
2023-08-14 10:20:46.300 [info] > git rev-parse --show-toplevel [412ms]
2023-08-14 10:20:46.311 [info] > git rev-parse --show-toplevel [3ms]
2023-08-14 10:20:46.322 [info] > git config --get commit.template [27ms]
2023-08-14 10:20:46.349 [info] > git rev-parse --show-toplevel [28ms]
2023-08-14 10:20:46.370 [info] > git rev-parse --show-toplevel [12ms]
2023-08-14 10:20:46.379 [info] > git for-each-ref --format=%(refname)%00%(upstream:short)%00%(objectname)%00%(upstream:track)%00%(upstream:remotename)%00%(upstream:remoteref) refs/heads/main refs/remotes/main [10ms]
2023-08-14 10:20:46.390 [info] > git rev-parse --show-toplevel [12ms]
2023-08-14 10:20:46.400 [info] > git status -z -uall [12ms]
2023-08-14 10:20:46.415 [info] > git rev-parse --show-toplevel [16ms]
2023-08-14 10:20:46.424 [info] > git config --get commit.template [9ms]
2023-08-14 10:20:46.426 [info] > git rev-parse --show-toplevel [3ms]
2023-08-14 10:20:46.445 [info] > git rev-parse --show-toplevel [9ms]
2023-08-14 10:20:46.465 [info] > git show --textconv :flownet.py [10ms]
2023-08-14 10:20:46.465 [info] > git ls-files --stage -- /home/alex/Development/master/FlowNet_PET/flownet.py [2ms]
2023-08-14 10:20:46.475 [info] > git for-each-ref --format=%(refname)%00%(upstream:short)%00%(objectname)%00%(upstream:track)%00%(upstream:remotename)%00%(upstream:remoteref) refs/heads/main refs/remotes/main [31ms]
2023-08-14 10:20:46.485 [info] > git cat-file -s 176723dd6babb269ac5dc8cb4f5e742c498092a8 [11ms]
2023-08-14 10:20:46.486 [info] > git status -z -uall [2ms]
2023-08-14 10:20:46.825 [info] > git check-ignore -v -z --stdin [2ms]
2023-08-14 11:12:12.472 [info] > git show --textconv :train_flownet_pet.py [14ms]
2023-08-14 11:12:12.473 [info] > git ls-files --stage -- /home/alex/Development/master/FlowNet_PET/train_flownet_pet.py [2ms]
2023-08-14 11:12:12.485 [info] > git cat-file -s f902707dd54d4feb350725d61b595a9c92f3e434 [1ms]
2023-08-14 11:14:01.175 [info] > git show --textconv :utils.py [14ms]
2023-08-14 11:14:01.176 [info] > git ls-files --stage -- /home/alex/Development/master/FlowNet_PET/utils.py [2ms]
2023-08-14 11:14:01.187 [info] > git cat-file -s c742d9a6ae3dbc779b9fb80bd5898ab9effcc404 [1ms]
2023-08-14 11:32:44.504 [info] > git config --get commit.template [12ms]
2023-08-14 11:32:44.505 [info] > git for-each-ref --format=%(refname)%00%(upstream:short)%00%(objectname)%00%(upstream:track)%00%(upstream:remotename)%00%(upstream:remoteref) refs/heads/main refs/remotes/main [1ms]
2023-08-14 11:32:44.518 [info] > git status -z -uall [1ms]
2023-08-14 11:33:52.416 [info] > git config --get commit.template [1ms]
2023-08-14 11:33:52.432 [info] > git for-each-ref --format=%(refname)%00%(upstream:short)%00%(objectname)%00%(upstream:track)%00%(upstream:remotename)%00%(upstream:remoteref) refs/heads/main refs/remotes/main [1ms]
2023-08-14 11:33:52.446 [info] > git status -z -uall [2ms]
2023-08-14 11:34:29.498 [info] > git config --get commit.template [20ms]
2023-08-14 11:34:29.498 [info] > git for-each-ref --format=%(refname)%00%(upstream:short)%00%(objectname)%00%(upstream:track)%00%(upstream:remotename)%00%(upstream:remoteref) refs/heads/main refs/remotes/main [2ms]
2023-08-14 11:34:29.515 [info] > git status -z -uall [2ms]
2023-08-14 11:40:30.292 [info] > git check-ignore -v -z --stdin [1ms]
2023-08-14 11:40:32.847 [info] > git show --textconv :configs/fnp_1.ini [17ms]
2023-08-14 11:40:32.849 [info] > git ls-files --stage -- /home/alex/Development/master/FlowNet_PET/configs/fnp_1.ini [4ms]
2023-08-14 11:40:32.866 [info] > git cat-file -s 5eb3787b241df01b7481ec149ac4f017a7a1c195 [1ms]
2023-08-14 11:46:14.886 [info] > git config --get commit.template [15ms]
2023-08-14 11:46:14.887 [info] > git for-each-ref --format=%(refname)%00%(upstream:short)%00%(objectname)%00%(upstream:track)%00%(upstream:remotename)%00%(upstream:remoteref) refs/heads/main refs/remotes/main [2ms]
2023-08-14 11:46:14.898 [info] > git status -z -uall [2ms]
