2023-08-14 14:34:46.579 [info] Log level: Info
2023-08-14 14:34:46.580 [info] Validating found git in: "git"
2023-08-14 14:34:46.580 [info] Using git "2.41.0" from "git"
2023-08-14 14:34:46.580 [info] > git rev-parse --show-toplevel [3ms]
2023-08-14 14:34:46.580 [info] > git rev-parse --show-toplevel [3ms]
2023-08-14 14:34:46.580 [info] > git rev-parse --show-toplevel [2ms]
2023-08-14 14:34:46.580 [info] > git rev-parse --show-toplevel [68ms]
2023-08-14 14:34:46.580 [info] > git rev-parse --show-toplevel [1ms]
2023-08-14 14:34:46.580 [info] > git rev-parse --show-toplevel [23ms]
2023-08-14 14:34:46.599 [info] > git rev-parse --show-toplevel [12ms]
2023-08-14 14:34:46.611 [info] > git rev-parse --show-toplevel [5ms]
2023-08-14 14:34:46.620 [info] > git rev-parse --show-toplevel [1ms]
2023-08-14 14:35:01.020 [info] Log level: Info
2023-08-14 14:35:01.020 [info] Validating found git in: "git"
2023-08-14 14:35:01.020 [info] Using git "2.41.0" from "git"
2023-08-14 14:35:01.020 [info] > git rev-parse --show-toplevel [6ms]
2023-08-14 14:35:01.020 [info] > git rev-parse --git-dir --git-common-dir [4ms]
2023-08-14 14:35:01.020 [info] Open repository: /home/alex/hyprdots
2023-08-14 14:35:01.020 [info] > git rev-parse --show-toplevel [7ms]
2023-08-14 14:35:01.021 [info] > git config --get commit.template [6ms]
2023-08-14 14:35:01.022 [info] > git rev-parse --show-toplevel [2ms]
2023-08-14 14:35:01.036 [info] > git rev-parse --show-toplevel [8ms]
2023-08-14 14:35:01.040 [info] > git for-each-ref --format=%(refname)%00%(upstream:short)%00%(objectname)%00%(upstream:track)%00%(upstream:remotename)%00%(upstream:remoteref) refs/heads/changes refs/remotes/changes [5ms]
2023-08-14 14:35:01.114 [info] > git status -z -uall [68ms]
2023-08-14 14:35:01.571 [info] > git config --get commit.template [433ms]
2023-08-14 14:35:01.607 [info] > git for-each-ref --format=%(refname)%00%(upstream:short)%00%(objectname)%00%(upstream:track)%00%(upstream:remotename)%00%(upstream:remoteref) refs/heads/changes refs/remotes/changes [12ms]
2023-08-14 14:35:01.639 [info] > git status -z -uall [23ms]
2023-08-14 14:35:01.644 [info] > git check-ignore -v -z --stdin [6ms]
2023-08-14 14:35:03.501 [info] > git show --textconv :update_dotfiles.sh [10ms]
2023-08-14 14:35:03.502 [info] > git ls-files --stage -- /home/alex/hyprdots/update_dotfiles.sh [2ms]
2023-08-14 14:35:03.511 [info] > git cat-file -s f91e677cf4440bea2494e26b9a853bac493eb648 [1ms]
2023-08-14 14:35:11.539 [info] > git config --get commit.template [1ms]
2023-08-14 14:35:11.553 [info] > git for-each-ref --format=%(refname)%00%(upstream:short)%00%(objectname)%00%(upstream:track)%00%(upstream:remotename)%00%(upstream:remoteref) refs/heads/changes refs/remotes/changes [1ms]
2023-08-14 14:35:11.573 [info] > git status -z -uall [9ms]
2023-08-14 14:35:11.637 [info] > git ls-files --stage -- /home/alex/hyprdots/update_dotfiles.sh [1ms]
2023-08-14 14:35:11.650 [info] > git cat-file -s f91e677cf4440bea2494e26b9a853bac493eb648 [1ms]
2023-08-14 14:35:11.665 [info] > git show --textconv :update_dotfiles.sh [1ms]
2023-08-14 14:35:55.368 [info] > git config --get commit.template [2ms]
2023-08-14 14:35:55.380 [info] > git for-each-ref --format=%(refname)%00%(upstream:short)%00%(objectname)%00%(upstream:track)%00%(upstream:remotename)%00%(upstream:remoteref) refs/heads/changes refs/remotes/changes [1ms]
2023-08-14 14:35:55.403 [info] > git status -z -uall [9ms]
2023-08-14 14:36:04.835 [info] > git for-each-ref --format=%(refname)%00%(upstream:short)%00%(objectname)%00%(upstream:track)%00%(upstream:remotename)%00%(upstream:remoteref) refs/heads/changes refs/remotes/changes [1ms]
2023-08-14 14:36:04.835 [info] > git config --get commit.template [13ms]
2023-08-14 14:36:04.854 [info] > git status -z -uall [8ms]
2023-08-14 14:36:10.149 [info] > git config --get commit.template [1ms]
2023-08-14 14:36:10.164 [info] > git for-each-ref --format=%(refname)%00%(upstream:short)%00%(objectname)%00%(upstream:track)%00%(upstream:remotename)%00%(upstream:remoteref) refs/heads/changes refs/remotes/changes [1ms]
2023-08-14 14:36:10.184 [info] > git status -z -uall [9ms]
2023-08-14 14:38:09.632 [info] > git config --get commit.template [10ms]
2023-08-14 14:38:09.632 [info] > git for-each-ref --format=%(refname)%00%(upstream:short)%00%(objectname)%00%(upstream:track)%00%(upstream:remotename)%00%(upstream:remoteref) refs/heads/changes refs/remotes/changes [1ms]
2023-08-14 14:38:09.650 [info] > git status -z -uall [8ms]
2023-08-14 14:38:17.722 [info] > git config --get commit.template [14ms]
2023-08-14 14:38:17.722 [info] > git for-each-ref --format=%(refname)%00%(upstream:short)%00%(objectname)%00%(upstream:track)%00%(upstream:remotename)%00%(upstream:remoteref) refs/heads/changes refs/remotes/changes [1ms]
2023-08-14 14:38:17.739 [info] > git status -z -uall [8ms]
2023-08-14 14:38:47.700 [info] > git config --get commit.template [15ms]
2023-08-14 14:38:47.701 [info] > git for-each-ref --format=%(refname)%00%(upstream:short)%00%(objectname)%00%(upstream:track)%00%(upstream:remotename)%00%(upstream:remoteref) refs/heads/changes refs/remotes/changes [2ms]
2023-08-14 14:38:47.721 [info] > git status -z -uall [8ms]
2023-08-14 14:39:18.029 [info] > git config --get commit.template [13ms]
2023-08-14 14:39:18.029 [info] > git for-each-ref --format=%(refname)%00%(upstream:short)%00%(objectname)%00%(upstream:track)%00%(upstream:remotename)%00%(upstream:remoteref) refs/heads/changes refs/remotes/changes [1ms]
2023-08-14 14:39:18.057 [info] > git status -z -uall [16ms]
2023-08-14 14:39:18.059 [info] > git ls-files --stage -- /home/alex/hyprdots/update_dotfiles.sh [3ms]
2023-08-14 14:39:18.071 [info] > git cat-file -s f91e677cf4440bea2494e26b9a853bac493eb648 [1ms]
2023-08-14 14:39:18.087 [info] > git show --textconv :update_dotfiles.sh [2ms]
2023-08-14 14:39:27.752 [info] > git config --get commit.template [10ms]
2023-08-14 14:39:27.752 [info] > git for-each-ref --format=%(refname)%00%(upstream:short)%00%(objectname)%00%(upstream:track)%00%(upstream:remotename)%00%(upstream:remoteref) refs/heads/changes refs/remotes/changes [2ms]
2023-08-14 14:39:27.769 [info] > git status -z -uall [9ms]
2023-08-14 14:39:56.181 [info] > git config --get commit.template [12ms]
2023-08-14 14:39:56.182 [info] > git for-each-ref --format=%(refname)%00%(upstream:short)%00%(objectname)%00%(upstream:track)%00%(upstream:remotename)%00%(upstream:remoteref) refs/heads/changes refs/remotes/changes [2ms]
2023-08-14 14:39:56.204 [info] > git status -z -uall [11ms]
2023-08-14 14:40:01.323 [info] > git config --get commit.template [1ms]
2023-08-14 14:40:01.340 [info] > git for-each-ref --format=%(refname)%00%(upstream:short)%00%(objectname)%00%(upstream:track)%00%(upstream:remotename)%00%(upstream:remoteref) refs/heads/changes refs/remotes/changes [2ms]
2023-08-14 14:40:01.364 [info] > git status -z -uall [11ms]
2023-08-14 14:40:10.171 [info] > git config --get commit.template [14ms]
2023-08-14 14:40:10.172 [info] > git for-each-ref --format=%(refname)%00%(upstream:short)%00%(objectname)%00%(upstream:track)%00%(upstream:remotename)%00%(upstream:remoteref) refs/heads/changes refs/remotes/changes [2ms]
2023-08-14 14:40:10.200 [info] > git status -z -uall [16ms]
2023-08-14 14:40:15.545 [info] > git config --get commit.template [11ms]
2023-08-14 14:40:15.546 [info] > git for-each-ref --format=%(refname)%00%(upstream:short)%00%(objectname)%00%(upstream:track)%00%(upstream:remotename)%00%(upstream:remoteref) refs/heads/changes refs/remotes/changes [1ms]
2023-08-14 14:40:15.573 [info] > git status -z -uall [16ms]
2023-08-14 14:40:20.669 [info] > git config --get commit.template [14ms]
2023-08-14 14:40:20.670 [info] > git for-each-ref --format=%(refname)%00%(upstream:short)%00%(objectname)%00%(upstream:track)%00%(upstream:remotename)%00%(upstream:remoteref) refs/heads/changes refs/remotes/changes [1ms]
2023-08-14 14:40:20.695 [info] > git status -z -uall [15ms]
2023-08-14 14:40:29.689 [info] > git config --get commit.template [1ms]
2023-08-14 14:40:29.706 [info] > git for-each-ref --format=%(refname)%00%(upstream:short)%00%(objectname)%00%(upstream:track)%00%(upstream:remotename)%00%(upstream:remoteref) refs/heads/changes refs/remotes/changes [2ms]
2023-08-14 14:40:29.735 [info] > git status -z -uall [17ms]
2023-08-14 14:40:42.551 [info] > git config --get commit.template [1ms]
2023-08-14 14:40:42.565 [info] > git for-each-ref --format=%(refname)%00%(upstream:short)%00%(objectname)%00%(upstream:track)%00%(upstream:remotename)%00%(upstream:remoteref) refs/heads/changes refs/remotes/changes [2ms]
2023-08-14 14:40:42.592 [info] > git status -z -uall [17ms]
2023-08-14 14:40:56.475 [info] > git config --get commit.template [10ms]
2023-08-14 14:40:56.476 [info] > git for-each-ref --format=%(refname)%00%(upstream:short)%00%(objectname)%00%(upstream:track)%00%(upstream:remotename)%00%(upstream:remoteref) refs/heads/changes refs/remotes/changes [2ms]
2023-08-14 14:40:56.507 [info] > git status -z -uall [23ms]
2023-08-14 14:41:12.746 [info] > git config --get commit.template [10ms]
2023-08-14 14:41:12.747 [info] > git for-each-ref --format=%(refname)%00%(upstream:short)%00%(objectname)%00%(upstream:track)%00%(upstream:remotename)%00%(upstream:remoteref) refs/heads/changes refs/remotes/changes [2ms]
2023-08-14 14:41:12.780 [info] > git status -z -uall [24ms]
2023-08-14 14:41:37.012 [info] > git config --get commit.template [11ms]
2023-08-14 14:41:37.013 [info] > git for-each-ref --format=%(refname)%00%(upstream:short)%00%(objectname)%00%(upstream:track)%00%(upstream:remotename)%00%(upstream:remoteref) refs/heads/changes refs/remotes/changes [1ms]
2023-08-14 14:41:37.045 [info] > git status -z -uall [23ms]
2023-08-14 14:41:42.150 [info] > git config --get commit.template [13ms]
2023-08-14 14:41:42.150 [info] > git for-each-ref --format=%(refname)%00%(upstream:short)%00%(objectname)%00%(upstream:track)%00%(upstream:remotename)%00%(upstream:remoteref) refs/heads/changes refs/remotes/changes [1ms]
2023-08-14 14:41:42.180 [info] > git status -z -uall [20ms]
2023-08-14 14:42:03.527 [info] > git config --get commit.template [1ms]
2023-08-14 14:42:03.541 [info] > git for-each-ref --format=%(refname)%00%(upstream:short)%00%(objectname)%00%(upstream:track)%00%(upstream:remotename)%00%(upstream:remoteref) refs/heads/changes refs/remotes/changes [1ms]
2023-08-14 14:42:04.183 [info] > git status -z -uall [630ms]
2023-08-14 14:42:19.870 [info] > git config --get commit.template [13ms]
2023-08-14 14:42:19.882 [info] > git for-each-ref --format=%(refname)%00%(upstream:short)%00%(objectname)%00%(upstream:track)%00%(upstream:remotename)%00%(upstream:remoteref) refs/heads/changes refs/remotes/changes [13ms]
2023-08-14 14:42:19.892 [info] > git ls-files --stage -- /home/alex/hyprdots/update_dotfiles.sh [11ms]
2023-08-14 14:42:19.903 [info] > git cat-file -s f91e677cf4440bea2494e26b9a853bac493eb648 [1ms]
2023-08-14 14:42:19.916 [info] > git show --textconv :update_dotfiles.sh [1ms]
2023-08-14 14:42:20.513 [info] > git status -z -uall [622ms]
2023-08-14 14:43:37.358 [info] > git config --get commit.template [12ms]
2023-08-14 14:43:37.359 [info] > git for-each-ref --format=%(refname)%00%(upstream:short)%00%(objectname)%00%(upstream:track)%00%(upstream:remotename)%00%(upstream:remoteref) refs/heads/changes refs/remotes/changes [2ms]
2023-08-14 14:43:37.379 [info] > git status -z -uall [12ms]
